proguard/seeds.txt
com.actionbarsherlock.internal.widget.AbsActionBarView: AbsActionBarView(android.content.Context)
com.actionbarsherlock.internal.widget.AbsActionBarView: AbsActionBarView(android.content.Context,android.util.AttributeSet)
com.actionbarsherlock.internal.widget.AbsActionBarView: AbsActionBarView(android.content.Context,android.util.AttributeSet,int)
com.actionbarsherlock.internal.widget.ActionBarContainer
com.actionbarsherlock.internal.widget.ActionBarContainer: ActionBarContainer(android.content.Context)
com.actionbarsherlock.internal.widget.ActionBarContainer: ActionBarContainer(android.content.Context,android.util.AttributeSet)
com.actionbarsherlock.internal.widget.ActionBarContextView
com.actionbarsherlock.internal.widget.ActionBarContextView: ActionBarContextView(android.content.Context)
com.actionbarsherlock.internal.widget.ActionBarContextView: ActionBarContextView(android.content.Context,android.util.AttributeSet)
com.actionbarsherlock.internal.widget.ActionBarContextView: ActionBarContextView(android.content.Context,android.util.AttributeSet,int)
com.actionbarsherlock.internal.widget.ActionBarView
com.actionbarsherlock.internal.widget.ActionBarView: ActionBarView(android.content.Context,android.util.AttributeSet)
com.actionbarsherlock.internal.widget.ActionBarView$HomeView
com.actionbarsherlock.internal.widget.ActionBarView$HomeView: ActionBarView$HomeView(android.content.Context)
com.actionbarsherlock.internal.widget.ActionBarView$HomeView: ActionBarView$HomeView(android.content.Context,android.util.AttributeSet)
com.actionbarsherlock.internal.widget.CapitalizingButton
com.actionbarsherlock.internal.widget.CapitalizingButton: CapitalizingButton(android.content.Context,android.util.AttributeSet)
com.actionbarsherlock.internal.widget.IcsLinearLayout
com.actionbarsherlock.internal.widget.IcsLinearLayout: IcsLinearLayout(android.content.Context,android.util.AttributeSet)
com.actionbarsherlock.internal.widget.ScrollingTabContainerView$TabView
com.actionbarsherlock.internal.widget.ScrollingTabContainerView$TabView: ScrollingTabContainerView$TabView(android.content.Context,android.util.AttributeSet)
com.actionbarsherlock.internal.widget.TabsLinearLayout
com.actionbarsherlock.internal.widget.TabsLinearLayout: TabsLinearLayout(android.content.Context,android.util.AttributeSet)
com.actionbarsherlock.widget.SearchView$SearchAutoComplete
com.actionbarsherlock.widget.SearchView$SearchAutoComplete: SearchView$SearchAutoComplete(android.content.Context)
com.actionbarsherlock.widget.SearchView$SearchAutoComplete: SearchView$SearchAutoComplete(android.content.Context,android.util.AttributeSet)
com.actionbarsherlock.widget.SearchView$SearchAutoComplete: SearchView$SearchAutoComplete(android.content.Context,android.util.AttributeSet,int)
com.huatandm.meetme.BaseActivity: BaseActivity()
com.huatandm.meetme.HTMainActivity
com.huatandm.meetme.HTMainActivity: HTMainActivity()
com.huatandm.meetme.event.HTEventActivity
com.huatandm.meetme.event.HTEventActivity: HTEventActivity()
com.jeremyfeinstein.slidingmenu.lib.SlidingMenu
com.jeremyfeinstein.slidingmenu.lib.SlidingMenu: SlidingMenu(android.content.Context)
com.jeremyfeinstein.slidingmenu.lib.SlidingMenu: SlidingMenu(android.app.Activity,int)
com.jeremyfeinstein.slidingmenu.lib.SlidingMenu: SlidingMenu(android.content.Context,android.util.AttributeSet)
com.jeremyfeinstein.slidingmenu.lib.SlidingMenu: SlidingMenu(android.content.Context,android.util.AttributeSet,int)
com.jeremyfeinstein.slidingmenu.lib.app.SlidingFragmentActivity: SlidingFragmentActivity()