proguard/mapping.txt
com.actionbarsherlock.internal.view.menu.BaseMenuPresenter -> com.actionbarsherlock.internal.view.menu.j:
    boolean IS_HONEYCOMB -> a
    android.content.Context mContext -> c
    com.actionbarsherlock.internal.view.menu.MenuBuilder mMenu -> d
    com.actionbarsherlock.internal.view.menu.MenuView mMenuView -> e
    void initForMenu(android.content.Context,com.actionbarsherlock.internal.view.menu.MenuBuilder) -> a
    void updateMenuView(boolean) -> a
    boolean filterLeftoverView(android.view.ViewGroup,int) -> a
    android.view.View getItemView(com.actionbarsherlock.internal.view.menu.MenuItemImpl,android.view.View,android.view.ViewGroup) -> a
    void bindItemView(com.actionbarsherlock.internal.view.menu.MenuItemImpl,com.actionbarsherlock.internal.view.menu.MenuView$ItemView) -> a
    boolean shouldIncludeItem$2525e600(com.actionbarsherlock.internal.view.menu.MenuItemImpl) -> a
    void onCloseMenu(com.actionbarsherlock.internal.view.menu.MenuBuilder,boolean) -> a
    boolean onSubMenuSelected(com.actionbarsherlock.internal.view.menu.SubMenuBuilder) -> a
    boolean flagActionItems() -> e
    boolean collapseItemActionView$2d5bb53f(com.actionbarsherlock.internal.view.menu.MenuItemImpl) -> b
com.actionbarsherlock.internal.view.menu.ListMenuItemView -> com.actionbarsherlock.internal.view.menu.ListMenuItemView:
    com.actionbarsherlock.internal.view.menu.MenuItemImpl mItemData -> a
    android.widget.ImageView mIconView -> b
    android.widget.RadioButton mRadioButton -> c
    android.widget.TextView mTitleView -> d
    android.widget.CheckBox mCheckBox -> e
    android.widget.TextView mShortcutView -> f
    android.graphics.drawable.Drawable mBackground -> g
    int mTextAppearance -> h
    android.content.Context mTextAppearanceContext -> i
    boolean mPreserveIconSpacing -> j
    android.view.LayoutInflater mInflater -> k
    boolean mForceShowIcon -> l
    android.content.Context mContext -> m
    void onFinishInflate() -> onFinishInflate
    void initialize$679020ce(com.actionbarsherlock.internal.view.menu.MenuItemImpl) -> a
    void setForceShowIcon(boolean) -> a
    com.actionbarsherlock.internal.view.menu.MenuItemImpl getItemData() -> a
    void onMeasure(int,int) -> onMeasure
    boolean prefersCondensedTitle() -> b
    android.view.LayoutInflater getInflater() -> c
com.actionbarsherlock.internal.view.menu.MenuBuilder -> com.actionbarsherlock.internal.view.menu.k:
    android.content.Context mContext -> a
    boolean mIsVisibleItemsStale -> b
    boolean mIsActionItemsStale -> c
    boolean mPreventDispatchingItemsChanged -> d
    boolean mItemsChangedWhileDispatchPrevented -> e
    boolean mIsClosing -> f
    com.actionbarsherlock.internal.view.menu.MenuItemImpl mExpandedItem -> g
    void addMenuPresenter(com.actionbarsherlock.internal.view.menu.MenuPresenter) -> a
    boolean hasVisibleItems() -> a
    int size() -> b
    com.actionbarsherlock.view.MenuItem getItem(int) -> a
    boolean isQwertyMode() -> c
    boolean isShortcutsVisible() -> d
    boolean dispatchMenuItemSelected(com.actionbarsherlock.internal.view.menu.MenuBuilder,com.actionbarsherlock.view.MenuItem) -> a
    void changeMenuMode() -> e
    boolean performItemAction(com.actionbarsherlock.view.MenuItem,int) -> a
    void close(boolean) -> a
    void close() -> f
    void onItemsChanged(boolean) -> b
    void stopDispatchingItemsChanged() -> n
    void startDispatchingItemsChanged() -> o
    java.util.ArrayList getVisibleItems() -> g
    void flagActionItems() -> h
    java.util.ArrayList getActionItems() -> i
    java.util.ArrayList getNonActionItems() -> j
    com.actionbarsherlock.internal.view.menu.MenuBuilder getRootMenu() -> k
    boolean getOptionalIconsVisible() -> l
    boolean collapseItemActionView(com.actionbarsherlock.internal.view.menu.MenuItemImpl) -> a